<?xml version="1.0" encoding="UTF-8"?>
<!-- Generated by org.testng.reporters.JUnitReportReporter -->
<testsuite hostname="mea" failures="0" tests="1" name="tests.Test_1" time="2.879" errors="0" timestamp="2021-04-22T16:15:28 EAT" skipped="0">
  <testcase classname="tests.Test_1" name="test_1" time="2.879"/>
  <system-out/>
</testsuite> <!-- tests.Test_1 -->
